<?xml version="1.0" encoding="UTF-8" ?>
<testsuites>
  <testsuite errors="0" failures="0" hostname="Bryan-PC" id="0" name="ConsumerAdapterTest" package="JMS.adapter" tests="1" time="0.233" timestamp="2015-06-21T02:17:45">
      <properties>
[...]
</properties>

      <testcase classname="JMS.adapter.ConsumerAdapterTest" name="sendToMongoTest" time="0.195" />

      <system-out><![CDATA[]]></system-out>

      <system-err><![CDATA[]]></system-err>

  </testsuite>
  <testsuite errors="0" failures="0" hostname="Bryan-PC" id="1" name="ConsumerLTest" package="JMS.listener" tests="1" time="0.911" timestamp="2015-06-21T02:17:47">
      <properties>
[...]
</properties>

      <testcase classname="JMS.listener.ConsumerLTest" name="onMessageTest" time="0.873" />

      <system-out><![CDATA[]]></system-out>

      <system-err><![CDATA[SLF4J: The requested version 1.6.99 by your slf4j binding is not compatible with [1.5.5, 1.5.6, 1.5.7, 1.5.8, 1.5.9, 1.5.10, 1.5.11]
SLF4J: See http://www.slf4j.org/codes.html#version_mismatch for further details.
]]></system-err>

  </testsuite>
</testsuites>
