<?xml version="1.0" encoding="UTF-8" ?>
<testsuite errors="0" failures="0" hostname="Bryan-PC" name="jms.producer.controller.ProducerControllerTest" tests="2" time="1.17" timestamp="2015-06-24T04:41:53">
  <properties>
[...]
</properties>
  <testcase classname="jms.producer.controller.ProducerControllerTest" name="testRenderVendorPage" time="0.711" />
  <testcase classname="jms.producer.controller.ProducerControllerTest" name="testProcessRequest" time="0.419" />
  <system-out><![CDATA[vendorPage
vendorPage
]]></system-out>
  <system-err><![CDATA[SLF4J: The requested version 1.6.99 by your slf4j binding is not compatible with [1.5.5, 1.5.6, 1.5.7, 1.5.8, 1.5.9, 1.5.10, 1.5.11]
SLF4J: See http://www.slf4j.org/codes.html#version_mismatch for further details.
]]></system-err>
</testsuite>
